<?xml version="1.0" encoding="UTF-8"?>
<TestRun id="943fce0d-5415-41b4-8dfd-b32df92041c7" name="Hao@MIS-F3216338 2019-04-16 14:14:13" runUser="MIS-F3216338\Hao" xmlns="http://microsoft.com/schemas/VisualStudio/TeamTest/2010">
  <TestSettings name="本機" id="492d95b8-5261-4623-a03f-f0cea54f6813">
    <Description>這些是本機測試回合的預設測試設定。</Description>
    <Deployment enabled="false" runDeploymentRoot="Hao_MIS-F3216338 2019-04-16 14_14_13">
      <DeploymentItem filename="D:\CSharpAlgoQuiz\CSharpAlgoQuizDll\bin\Debug\CSharpAlgoQuizDll.dll" />
    </Deployment>
    <Execution>
      <TestTypeSpecific />
      <AgentRule name="Execution Agents">
      </AgentRule>
    </Execution>
  </TestSettings>
  <Times creation="2019-04-16T14:14:13.6236765+08:00" queuing="2019-04-16T14:14:15.4857194+08:00" start="2019-04-16T14:14:15.5863074+08:00" finish="2019-04-16T14:15:09.2280492+08:00" />
  <ResultSummary outcome="Error">
    <Counters total="1" executed="1" error="0" failed="0" timeout="0" aborted="1" inconclusive="0" passedButRunAborted="0" notRunnable="0" notExecuted="0" disconnected="0" warning="0" passed="0" completed="0" inProgress="0" pending="0" />
    <RunInfos>
      <RunInfo computerName="MIS-F3216338" outcome="Error" timestamp="2019-04-16T14:15:09.2280492+08:00">
        <Text>Test host process exited unexpectedly.</Text>
      </RunInfo>
    </RunInfos>
  </ResultSummary>
  <TestDefinitions>
    <UnitTest name="GetWordsFrequencyTest_Twice" storage="d:\csharpalgoquiz\csharpalgoquizdll.test\bin\debug\csharpalgoquizdll.test.dll" id="1db40838-957e-574b-c87e-fb13cdc00f92">
      <Execution id="69ea7c0d-8fbd-45ad-aa7f-0b17e6123eea" />
      <TestMethod codeBase="D:/CSharpAlgoQuiz/CSharpAlgoQuizDll.Test/bin/Debug/CSharpAlgoQuizDll.Test.DLL" adapterTypeName="Microsoft.VisualStudio.TestTools.TestTypes.Unit.UnitTestAdapter, Microsoft.VisualStudio.QualityTools.Tips.UnitTest.Adapter, Version=10.0.0.0, Culture=neutral, PublicKeyToken=b03f5f7f11d50a3a" className="CSharpAlgoQuizDll.Test.QuizTest, CSharpAlgoQuizDll.Test, Version=1.0.0.0, Culture=neutral, PublicKeyToken=null" name="GetWordsFrequencyTest_Twice" />
    </UnitTest>
  </TestDefinitions>
  <TestLists>
    <TestList name="不在清單中的結果" id="8c84fa94-04c1-424b-9868-57a2d4851a1d" />
    <TestList name="所有載入的結果" id="19431567-8539-422a-85d7-44ee4e166bda" />
  </TestLists>
  <TestEntries>
    <TestEntry testId="1db40838-957e-574b-c87e-fb13cdc00f92" executionId="69ea7c0d-8fbd-45ad-aa7f-0b17e6123eea" testListId="8c84fa94-04c1-424b-9868-57a2d4851a1d" />
  </TestEntries>
  <Results>
    <UnitTestResult executionId="69ea7c0d-8fbd-45ad-aa7f-0b17e6123eea" testId="1db40838-957e-574b-c87e-fb13cdc00f92" testName="GetWordsFrequencyTest_Twice" computerName="MIS-F3216338" duration="00:00:53.5327480" startTime="2019-04-16T14:14:15.6953012+08:00" endTime="2019-04-16T14:15:09.2280492+08:00" testType="13cdc9d9-ddb5-4fa4-a97d-d965ccfc6d4b" outcome="Aborted" testListId="8c84fa94-04c1-424b-9868-57a2d4851a1d" relativeResultsDirectory="69ea7c0d-8fbd-45ad-aa7f-0b17e6123eea">
    </UnitTestResult>
  </Results>
</TestRun>